<?xml version="1.0" encoding="UTF-8"?>
<coverage generated="1414707038">
  <project timestamp="1414707038">
    <package name="Dwr\AvatarBundle\Model">
      <file name="/var/www/dwr-symfony2-external-bundles/Dwr/AvatarBundle/Model/Avatar.php">
        <class name="Avatar" namespace="Dwr\AvatarBundle\Model">
          <metrics methods="8" coveredmethods="7" conditionals="0" coveredconditionals="0" statements="18" coveredstatements="17" elements="26" coveredelements="24"/>
        </class>
        <line num="10" type="method" name="setWidth" crap="1" count="1"/>
        <line num="12" type="stmt" count="1"/>
        <line num="13" type="stmt" count="1"/>
        <line num="18" type="method" name="getWidth" crap="1" count="4"/>
        <line num="20" type="stmt" count="4"/>
        <line num="26" type="method" name="setHeight" crap="1" count="1"/>
        <line num="28" type="stmt" count="1"/>
        <line num="29" type="stmt" count="1"/>
        <line num="34" type="method" name="getHeight" crap="1" count="4"/>
        <line num="36" type="stmt" count="4"/>
        <line num="42" type="method" name="render" crap="1" count="3"/>
        <line num="44" type="stmt" count="3"/>
        <line num="47" type="method" name="getContent" crap="2.15" count="3"/>
        <line num="49" type="stmt" count="3"/>
        <line num="50" type="stmt" count="0"/>
        <line num="53" type="stmt" count="3"/>
        <line num="61" type="method" name="save" crap="1" count="2"/>
        <line num="63" type="stmt" count="2"/>
        <line num="64" type="stmt" count="2"/>
        <line num="65" type="stmt" count="2"/>
        <line num="67" type="stmt" count="2"/>
        <line num="70" type="method" name="createFileName" crap="2" count="2"/>
        <line num="72" type="stmt" count="2"/>
        <line num="73" type="stmt" count="1"/>
        <line num="76" type="stmt" count="1"/>
        <line num="78" type="stmt" count="1"/>
        <metrics loc="91" ncloc="65" classes="1" methods="8" coveredmethods="7" conditionals="0" coveredconditionals="0" statements="18" coveredstatements="17" elements="26" coveredelements="24"/>
      </file>
      <file name="/var/www/dwr-symfony2-external-bundles/Dwr/AvatarBundle/Model/PlainAvatar.php">
        <class name="PlainAvatar" namespace="Dwr\AvatarBundle\Model">
          <metrics methods="4" coveredmethods="4" conditionals="0" coveredconditionals="0" statements="18" coveredstatements="18" elements="22" coveredelements="22"/>
        </class>
        <line num="26" type="method" name="__construct" crap="1" count="5"/>
        <line num="28" type="stmt" count="5"/>
        <line num="29" type="stmt" count="5"/>
        <line num="30" type="stmt" count="5"/>
        <line num="35" type="method" name="getAvatar" crap="1" count="1"/>
        <line num="37" type="stmt" count="1"/>
        <line num="40" type="method" name="draw" crap="1" count="3"/>
        <line num="42" type="stmt" count="3"/>
        <line num="43" type="stmt" count="3"/>
        <line num="44" type="stmt" count="3"/>
        <line num="46" type="stmt" count="3"/>
        <line num="47" type="stmt" count="3"/>
        <line num="48" type="stmt" count="3"/>
        <line num="49" type="stmt" count="3"/>
        <line num="51" type="stmt" count="3"/>
        <line num="53" type="stmt" count="3"/>
        <line num="60" type="method" name="randomizeColor" crap="1" count="3"/>
        <line num="65" type="stmt" count="3"/>
        <line num="67" type="stmt" count="3"/>
        <line num="68" type="stmt" count="3"/>
        <line num="69" type="stmt" count="3"/>
        <line num="71" type="stmt" count="3"/>
        <metrics loc="74" ncloc="48" classes="1" methods="4" coveredmethods="4" conditionals="0" coveredconditionals="0" statements="18" coveredstatements="18" elements="22" coveredelements="22"/>
      </file>
    </package>
    <metrics files="2" loc="165" ncloc="113" classes="2" methods="12" coveredmethods="11" conditionals="0" coveredconditionals="0" statements="36" coveredstatements="35" elements="48" coveredelements="46"/>
  </project>
</coverage>
